This is pdfTeX, Version 3.14159265-2.6-1.40.17 (TeX Live 2016/W32TeX) (preloaded format=pdflatex 2016.11.29)  5 DEC 2016 20:34
entering extended mode
 restricted \write18 enabled.
 %&-line parsing enabled.
**./Dokumentation.tex
(./Dokumentation.tex
LaTeX2e <2016/03/31> patch level 3
Babel <3.9r> and hyphenation patterns for 83 language(s) loaded.
(f:/Programme/texlive/2016/texmf-dist/tex/latex/koma-script/scrreprt.cls
Document Class: scrreprt 2016/06/14 v3.21 KOMA-Script document class (report)
(f:/Programme/texlive/2016/texmf-dist/tex/latex/koma-script/scrkbase.sty
Package: scrkbase 2016/06/14 v3.21 KOMA-Script package (KOMA-Script-dependent b
asics and keyval usage)

(f:/Programme/texlive/2016/texmf-dist/tex/latex/koma-script/scrbase.sty
Package: scrbase 2016/06/14 v3.21 KOMA-Script package (KOMA-Script-independent 
basics and keyval usage)

(f:/Programme/texlive/2016/texmf-dist/tex/latex/graphics/keyval.sty
Package: keyval 2014/10/28 v1.15 key=value parser (DPC)
\KV@toks@=\toks14
)
(f:/Programme/texlive/2016/texmf-dist/tex/latex/koma-script/scrlfile.sty
Package: scrlfile 2016/06/14 v3.21 KOMA-Script package (loading files)

Package scrlfile, 2016/06/14 v3.21 KOMA-Script package (loading files)
                  Copyright (C) Markus Kohm

))) (f:/Programme/texlive/2016/texmf-dist/tex/latex/koma-script/tocbasic.sty
Package: tocbasic 2016/06/14 v3.21 KOMA-Script package (handling toc-files)
\scr@dte@tocline@numberwidth=\skip41
\scr@dte@tocline@numbox=\box26
)
Package tocbasic Info: omitting babel extension for `toc'
(tocbasic)             because of feature `nobabel' available
(tocbasic)             for `toc' on input line 132.
Package tocbasic Info: omitting babel extension for `lof'
(tocbasic)             because of feature `nobabel' available
(tocbasic)             for `lof' on input line 133.
Package tocbasic Info: omitting babel extension for `lot'
(tocbasic)             because of feature `nobabel' available
(tocbasic)             for `lot' on input line 134.
Package tocbasic Info: defining new hook before heading of `' on input line 160
6.
Package scrreprt Info: You've used standard option `12pt'.
(scrreprt)             This is correct!
(scrreprt)             Internally I'm using `fontsize=12pt'.
(scrreprt)             If you'd like to set the option with \KOMAoptions,
(scrreprt)             you'd have to use `fontsize=12pt' there
(scrreprt)             instead of `12pt', too.
Class scrreprt Info: File `scrsize12pt.clo' used to setup font sizes on input l
ine 2266.

(f:/Programme/texlive/2016/texmf-dist/tex/latex/koma-script/scrsize12pt.clo
File: scrsize12pt.clo 2016/06/14 v3.21 KOMA-Script font size class option (12pt
)
)
(f:/Programme/texlive/2016/texmf-dist/tex/latex/koma-script/typearea.sty
Package: typearea 2016/06/14 v3.21 KOMA-Script package (type area)

Package typearea, 2016/06/14 v3.21 KOMA-Script package (type area)
                  Copyright (C) Frank Neukam, 1992-1994
                  Copyright (C) Markus Kohm, 1994-

\ta@bcor=\skip42
\ta@div=\count79
Package typearea Info: You've used standard option `a4paper'.
(typearea)             This is correct!
(typearea)             Internally I'm using `paper=a4'.
(typearea)             If you'd like to set the option with \KOMAoptions,
(typearea)             you'd have to use `paper=a4' there
(typearea)             instead of `a4paper', too.
\ta@hblk=\skip43
\ta@vblk=\skip44
\ta@temp=\skip45
\footheight=\skip46
Package typearea Info: These are the values describing the layout:
(typearea)             DIV  = 12
(typearea)             BCOR = 0.0pt
(typearea)             \paperwidth      = 597.50793pt
(typearea)              \textwidth      = 448.13095pt
(typearea)              DIV departure   = -6%
(typearea)              \evensidemargin = 2.4185pt
(typearea)              \oddsidemargin  = 2.4185pt
(typearea)             \paperheight     = 845.04694pt
(typearea)              \textheight     = 635.5pt
(typearea)              \topmargin      = -41.72441pt
(typearea)              \headheight     = 18.125pt
(typearea)              \headsep        = 21.75pt
(typearea)              \topskip        = 12.0pt
(typearea)              \footskip       = 50.75pt
(typearea)              \baselineskip   = 14.5pt
(typearea)              on input line 1529.
)
\c@part=\count80
\c@chapter=\count81
\c@section=\count82
\c@subsection=\count83
\c@subsubsection=\count84
\c@paragraph=\count85
\c@subparagraph=\count86
\scr@dte@part@maxnumwidth=\skip47
\scr@dte@chapter@maxnumwidth=\skip48
\scr@dte@section@maxnumwidth=\skip49
\scr@dte@subsection@maxnumwidth=\skip50
\scr@dte@subsubsection@maxnumwidth=\skip51
\scr@dte@paragraph@maxnumwidth=\skip52
\scr@dte@subparagraph@maxnumwidth=\skip53
LaTeX Info: Redefining \textsubscript on input line 4780.
\abovecaptionskip=\skip54
\belowcaptionskip=\skip55
\c@pti@nb@sid@b@x=\box27
\c@figure=\count87
\c@table=\count88
Class scrreprt Info: Redefining `\numberline' on input line 5801.
\bibindent=\dimen102
) (f:/Programme/texlive/2016/texmf-dist/tex/latex/hyperref/hyperref.sty
Package: hyperref 2016/06/24 v6.83q Hypertext links for LaTeX

(f:/Programme/texlive/2016/texmf-dist/tex/generic/oberdiek/hobsub-hyperref.sty
Package: hobsub-hyperref 2016/05/16 v1.14 Bundle oberdiek, subset hyperref (HO)


(f:/Programme/texlive/2016/texmf-dist/tex/generic/oberdiek/hobsub-generic.sty
Package: hobsub-generic 2016/05/16 v1.14 Bundle oberdiek, subset generic (HO)
Package: hobsub 2016/05/16 v1.14 Construct package bundles (HO)
Package: infwarerr 2016/05/16 v1.4 Providing info/warning/error messages (HO)
Package: ltxcmds 2016/05/16 v1.23 LaTeX kernel commands for general use (HO)
Package: ifluatex 2016/05/16 v1.4 Provides the ifluatex switch (HO)
Package ifluatex Info: LuaTeX not detected.
Package: ifvtex 2016/05/16 v1.6 Detect VTeX and its facilities (HO)
Package ifvtex Info: VTeX not detected.
Package: intcalc 2016/05/16 v1.2 Expandable calculations with integers (HO)
Package: ifpdf 2016/05/14 v3.1 Provides the ifpdf switch
Package: etexcmds 2016/05/16 v1.6 Avoid name clashes with e-TeX commands (HO)
Package etexcmds Info: Could not find \expanded.
(etexcmds)             That can mean that you are not using pdfTeX 1.50 or
(etexcmds)             that some package has redefined \expanded.
(etexcmds)             In the latter case, load this package earlier.
Package: kvsetkeys 2016/05/16 v1.17 Key value parser (HO)
Package: kvdefinekeys 2016/05/16 v1.4 Define keys (HO)
Package: pdftexcmds 2016/05/21 v0.22 Utility functions of pdfTeX for LuaTeX (HO
)
Package pdftexcmds Info: LuaTeX not detected.
Package pdftexcmds Info: \pdf@primitive is available.
Package pdftexcmds Info: \pdf@ifprimitive is available.
Package pdftexcmds Info: \pdfdraftmode found.
Package: pdfescape 2016/05/16 v1.14 Implements pdfTeX's escape features (HO)
Package: bigintcalc 2016/05/16 v1.4 Expandable calculations on big integers (HO
)
Package: bitset 2016/05/16 v1.2 Handle bit-vector datatype (HO)
Package: uniquecounter 2016/05/16 v1.3 Provide unlimited unique counter (HO)
)
Package hobsub Info: Skipping package `hobsub' (already loaded).
Package: letltxmacro 2016/05/16 v1.5 Let assignment for LaTeX macros (HO)
Package: hopatch 2016/05/16 v1.3 Wrapper for package hooks (HO)
Package: xcolor-patch 2016/05/16 xcolor patch
Package: atveryend 2016/05/16 v1.9 Hooks at the very end of document (HO)
Package atveryend Info: \enddocument detected (standard20110627).
Package: atbegshi 2016/06/09 v1.18 At begin shipout hook (HO)
Package: refcount 2016/05/16 v3.5 Data extraction from label references (HO)
Package: hycolor 2016/05/16 v1.8 Color options for hyperref/bookmark (HO)
) (f:/Programme/texlive/2016/texmf-dist/tex/generic/ifxetex/ifxetex.sty
Package: ifxetex 2010/09/12 v0.6 Provides ifxetex conditional
)
(f:/Programme/texlive/2016/texmf-dist/tex/latex/oberdiek/auxhook.sty
Package: auxhook 2016/05/16 v1.4 Hooks for auxiliary files (HO)
)
(f:/Programme/texlive/2016/texmf-dist/tex/latex/oberdiek/kvoptions.sty
Package: kvoptions 2016/05/16 v3.12 Key value format for package options (HO)
)
\@linkdim=\dimen103
\Hy@linkcounter=\count89
\Hy@pagecounter=\count90

(f:/Programme/texlive/2016/texmf-dist/tex/latex/hyperref/pd1enc.def
File: pd1enc.def 2016/06/24 v6.83q Hyperref: PDFDocEncoding definition (HO)
)
\Hy@SavedSpaceFactor=\count91

(f:/Programme/texlive/2016/texmf-dist/tex/latex/latexconfig/hyperref.cfg
File: hyperref.cfg 2002/06/06 v1.2 hyperref configuration of TeXLive
)
Package hyperref Info: Option `colorlinks' set `true' on input line 4362.
Package hyperref Info: Option `pdfpagelabels' set `true' on input line 4362.
Package hyperref Info: Option `bookmarksopen' set `true' on input line 4362.
Package hyperref Info: Option `bookmarksnumbered' set `true' on input line 4362
.
Package hyperref Info: Option `plainpages' set `false' on input line 4362.
Package hyperref Info: Option `hypertexnames' set `false' on input line 4362.
Package hyperref Info: Hyper figures OFF on input line 4486.
Package hyperref Info: Link nesting OFF on input line 4491.
Package hyperref Info: Hyper index ON on input line 4494.
Package hyperref Info: Plain pages OFF on input line 4501.
Package hyperref Info: Backreferencing OFF on input line 4506.
Package hyperref Info: Implicit mode ON; LaTeX internals redefined.
Package hyperref Info: Bookmarks ON on input line 4735.
\c@Hy@tempcnt=\count92

(f:/Programme/texlive/2016/texmf-dist/tex/latex/url/url.sty
\Urlmuskip=\muskip10
Package: url 2013/09/16  ver 3.4  Verb mode for urls, etc.
)
LaTeX Info: Redefining \url on input line 5088.
\XeTeXLinkMargin=\dimen104
\Fld@menulength=\count93
\Field@Width=\dimen105
\Fld@charsize=\dimen106
Package hyperref Info: Hyper figures OFF on input line 6342.
Package hyperref Info: Link nesting OFF on input line 6347.
Package hyperref Info: Hyper index ON on input line 6350.
Package hyperref Info: backreferencing OFF on input line 6357.
Package hyperref Info: Link coloring ON on input line 6360.
Package hyperref Info: Link coloring with OCG OFF on input line 6367.
Package hyperref Info: PDF/A mode OFF on input line 6372.
LaTeX Info: Redefining \ref on input line 6412.
LaTeX Info: Redefining \pageref on input line 6416.
\Hy@abspage=\count94
\c@Item=\count95
\c@Hfootnote=\count96
)

Package hyperref Message: Driver (autodetected): hpdftex.

(f:/Programme/texlive/2016/texmf-dist/tex/latex/hyperref/hpdftex.def
File: hpdftex.def 2016/06/24 v6.83q Hyperref driver for pdfTeX
\Fld@listcount=\count97
\c@bookmark@seq@number=\count98

(f:/Programme/texlive/2016/texmf-dist/tex/latex/oberdiek/rerunfilecheck.sty
Package: rerunfilecheck 2016/05/16 v1.8 Rerun checks for auxiliary files (HO)
Package uniquecounter Info: New unique counter `rerunfilecheck' on input line 2
82.
)
\Hy@SectionHShift=\skip56
)
(f:/Programme/texlive/2016/texmf-dist/tex/latex/biblatex/biblatex.sty
Package: biblatex 2016/09/17 v3.6 programmable bibliographies (PK/JW/AB)

(f:/Programme/texlive/2016/texmf-dist/tex/latex/etoolbox/etoolbox.sty
Package: etoolbox 2016/12/01 v2.2b e-TeX tools for LaTeX (JAW)
\etb@tempcnta=\count99
)
(f:/Programme/texlive/2016/texmf-dist/tex/latex/logreq/logreq.sty
Package: logreq 2010/08/04 v1.0 xml request logger
\lrq@indent=\count100

(f:/Programme/texlive/2016/texmf-dist/tex/latex/logreq/logreq.def
File: logreq.def 2010/08/04 v1.0 logreq spec v1.0
))
(f:/Programme/texlive/2016/texmf-dist/tex/latex/base/ifthen.sty
Package: ifthen 2014/09/29 v1.1c Standard LaTeX ifthen package (DPC)
)
(f:/Programme/texlive/2016/texmf-dist/tex/generic/xstring/xstring.sty
(f:/Programme/texlive/2016/texmf-dist/tex/generic/xstring/xstring.tex
\@xs@message=\write3
\integerpart=\count101
\decimalpart=\count102
)
Package: xstring 2013/10/13  v1.7c  String manipulations (C Tellechea)
)
\c@tabx@nest=\count103
\c@listtotal=\count104
\c@listcount=\count105
\c@liststart=\count106
\c@liststop=\count107
\c@citecount=\count108
\c@citetotal=\count109
\c@multicitecount=\count110
\c@multicitetotal=\count111
\c@instcount=\count112
\c@maxnames=\count113
\c@minnames=\count114
\c@maxitems=\count115
\c@minitems=\count116
\c@citecounter=\count117
\c@savedcitecounter=\count118
\c@uniquelist=\count119
\c@uniquename=\count120
\c@refsection=\count121
\c@refsegment=\count122
\c@maxextratitle=\count123
\c@maxextratitleyear=\count124
\c@maxextrayear=\count125
\c@maxextraalpha=\count126
\c@abbrvpenalty=\count127
\c@highnamepenalty=\count128
\c@lownamepenalty=\count129
\c@maxparens=\count130
\c@parenlevel=\count131
\blx@tempcnta=\count132
\blx@tempcntb=\count133
\blx@tempcntc=\count134
\blx@maxsection=\count135
\blx@maxsegment@0=\count136
\blx@notetype=\count137
\blx@parenlevel@text=\count138
\blx@parenlevel@foot=\count139
\blx@sectionciteorder@0=\count140
\labelnumberwidth=\skip57
\labelalphawidth=\skip58
\biblabelsep=\skip59
\bibitemsep=\skip60
\bibnamesep=\skip61
\bibinitsep=\skip62
\bibparsep=\skip63
\bibhang=\skip64
\blx@bcfin=\read1
\blx@bcfout=\write4
\c@mincomprange=\count141
\c@maxcomprange=\count142
\c@mincompwidth=\count143
Package biblatex Info: Trying to load biblatex default data model...
Package biblatex Info: ... file 'blx-dm.def' found.

(f:/Programme/texlive/2016/texmf-dist/tex/latex/biblatex/blx-dm.def)
Package biblatex Info: Trying to load biblatex custom data model...
Package biblatex Info: ... file 'biblatex-dm.cfg' not found.
\c@afterword=\count144
\c@savedafterword=\count145
\c@annotator=\count146
\c@savedannotator=\count147
\c@author=\count148
\c@savedauthor=\count149
\c@bookauthor=\count150
\c@savedbookauthor=\count151
\c@commentator=\count152
\c@savedcommentator=\count153
\c@editor=\count154
\c@savededitor=\count155
\c@editora=\count156
\c@savededitora=\count157
\c@editorb=\count158
\c@savededitorb=\count159
\c@editorc=\count160
\c@savededitorc=\count161
\c@foreword=\count162
\c@savedforeword=\count163
\c@holder=\count164
\c@savedholder=\count165
\c@introduction=\count166
\c@savedintroduction=\count167
\c@namea=\count168
\c@savednamea=\count169
\c@nameb=\count170
\c@savednameb=\count171
\c@namec=\count172
\c@savednamec=\count173
\c@translator=\count174
\c@savedtranslator=\count175
\c@shortauthor=\count176
\c@savedshortauthor=\count177
\c@shorteditor=\count178
\c@savedshorteditor=\count179
\c@labelname=\count180
\c@savedlabelname=\count181
\c@institution=\count182
\c@savedinstitution=\count183
\c@lista=\count184
\c@savedlista=\count185
\c@listb=\count186
\c@savedlistb=\count187
\c@listc=\count188
\c@savedlistc=\count189
\c@listd=\count190
\c@savedlistd=\count191
\c@liste=\count192
\c@savedliste=\count193
\c@listf=\count194
\c@savedlistf=\count195
\c@location=\count196
\c@savedlocation=\count197
\c@organization=\count198
\c@savedorganization=\count199
\c@origlocation=\count266
\c@savedoriglocation=\count267
\c@origpublisher=\count268
\c@savedorigpublisher=\count269
\c@publisher=\count270
\c@savedpublisher=\count271
\c@language=\count272
\c@savedlanguage=\count273
\c@pageref=\count274
\c@savedpageref=\count275
\shorthandwidth=\skip65
\shortjournalwidth=\skip66
\shortserieswidth=\skip67
\shorttitlewidth=\skip68
\shortauthorwidth=\skip69
\shorteditorwidth=\skip70
Package biblatex Info: Trying to load compatibility code...
Package biblatex Info: ... file 'blx-compat.def' found.

(f:/Programme/texlive/2016/texmf-dist/tex/latex/biblatex/blx-compat.def
File: blx-compat.def 2016/09/17 v3.6 biblatex compatibility (PK/JW/AB)
)
Package biblatex Info: Trying to load generic definitions...
Package biblatex Info: ... file 'biblatex.def' found.

(f:/Programme/texlive/2016/texmf-dist/tex/latex/biblatex/biblatex.def
File: biblatex.def 2016/09/17 v3.6 biblatex compatibility (PK/JW/AB)
\c@textcitecount=\count276
\c@textcitetotal=\count277
\c@textcitemaxnames=\count278
\c@biburlnumpenalty=\count279
\c@biburlucpenalty=\count280
\c@biburllcpenalty=\count281
\c@smartand=\count282
)
Package biblatex Info: Trying to load bibliography style 'numeric'...
Package biblatex Info: ... file 'numeric.bbx' found.

(f:/Programme/texlive/2016/texmf-dist/tex/latex/biblatex/bbx/numeric.bbx
File: numeric.bbx 2016/09/17 v3.6 biblatex bibliography style (PK/JW/AB)
Package biblatex Info: Trying to load bibliography style 'standard'...
Package biblatex Info: ... file 'standard.bbx' found.

(f:/Programme/texlive/2016/texmf-dist/tex/latex/biblatex/bbx/standard.bbx
File: standard.bbx 2016/09/17 v3.6 biblatex bibliography style (PK/JW/AB)
\c@bbx:relatedcount=\count283
\c@bbx:relatedtotal=\count284
))
Package biblatex Info: Trying to load citation style 'numeric'...
Package biblatex Info: ... file 'numeric.cbx' found.

(f:/Programme/texlive/2016/texmf-dist/tex/latex/biblatex/cbx/numeric.cbx
File: numeric.cbx 2016/09/17 v3.6 biblatex citation style (PK/JW/AB)
Package biblatex Info: Redefining '\cite'.
Package biblatex Info: Redefining '\parencite'.
Package biblatex Info: Redefining '\footcite'.
Package biblatex Info: Redefining '\footcitetext'.
Package biblatex Info: Redefining '\smartcite'.
Package biblatex Info: Redefining '\supercite'.
Package biblatex Info: Redefining '\textcite'.
Package biblatex Info: Redefining '\textcites'.
Package biblatex Info: Redefining '\cites'.
Package biblatex Info: Redefining '\parencites'.
Package biblatex Info: Redefining '\smartcites'.
)
Package biblatex Info: Trying to load configuration file...
Package biblatex Info: ... file 'biblatex.cfg' found.

(f:/Programme/texlive/2016/texmf-dist/tex/latex/biblatex/biblatex.cfg
File: biblatex.cfg 
))
(f:/Programme/texlive/2016/texmf-dist/tex/latex/filecontents/filecontents.sty
Package: filecontents 2011/10/08 v1.3 Create an external file from within a LaT
eX document
)
(f:/Programme/texlive/2016/texmf-dist/tex/latex/base/inputenc.sty
Package: inputenc 2015/03/17 v1.2c Input encoding file
\inpenc@prehook=\toks15
\inpenc@posthook=\toks16

(f:/Programme/texlive/2016/texmf-dist/tex/latex/base/utf8.def
File: utf8.def 2016/02/28 v1.1s UTF-8 support for inputenc
Now handling font encoding OML ...
... no UTF-8 mapping file for font encoding OML
Now handling font encoding T1 ...
... processing UTF-8 mapping file for font encoding T1

(f:/Programme/texlive/2016/texmf-dist/tex/latex/base/t1enc.dfu
File: t1enc.dfu 2016/02/28 v1.1s UTF-8 support for inputenc
   defining Unicode char U+00A0 (decimal 160)
   defining Unicode char U+00A1 (decimal 161)
   defining Unicode char U+00A3 (decimal 163)
   defining Unicode char U+00AB (decimal 171)
   defining Unicode char U+00AD (decimal 173)
   defining Unicode char U+00BB (decimal 187)
   defining Unicode char U+00BF (decimal 191)
   defining Unicode char U+00C0 (decimal 192)
   defining Unicode char U+00C1 (decimal 193)
   defining Unicode char U+00C2 (decimal 194)
   defining Unicode char U+00C3 (decimal 195)
   defining Unicode char U+00C4 (decimal 196)
   defining Unicode char U+00C5 (decimal 197)
   defining Unicode char U+00C6 (decimal 198)
   defining Unicode char U+00C7 (decimal 199)
   defining Unicode char U+00C8 (decimal 200)
   defining Unicode char U+00C9 (decimal 201)
   defining Unicode char U+00CA (decimal 202)
   defining Unicode char U+00CB (decimal 203)
   defining Unicode char U+00CC (decimal 204)
   defining Unicode char U+00CD (decimal 205)
   defining Unicode char U+00CE (decimal 206)
   defining Unicode char U+00CF (decimal 207)
   defining Unicode char U+00D0 (decimal 208)
   defining Unicode char U+00D1 (decimal 209)
   defining Unicode char U+00D2 (decimal 210)
   defining Unicode char U+00D3 (decimal 211)
   defining Unicode char U+00D4 (decimal 212)
   defining Unicode char U+00D5 (decimal 213)
   defining Unicode char U+00D6 (decimal 214)
   defining Unicode char U+00D8 (decimal 216)
   defining Unicode char U+00D9 (decimal 217)
   defining Unicode char U+00DA (decimal 218)
   defining Unicode char U+00DB (decimal 219)
   defining Unicode char U+00DC (decimal 220)
   defining Unicode char U+00DD (decimal 221)
   defining Unicode char U+00DE (decimal 222)
   defining Unicode char U+00DF (decimal 223)
   defining Unicode char U+00E0 (decimal 224)
   defining Unicode char U+00E1 (decimal 225)
   defining Unicode char U+00E2 (decimal 226)
   defining Unicode char U+00E3 (decimal 227)
   defining Unicode char U+00E4 (decimal 228)
   defining Unicode char U+00E5 (decimal 229)
   defining Unicode char U+00E6 (decimal 230)
   defining Unicode char U+00E7 (decimal 231)
   defining Unicode char U+00E8 (decimal 232)
   defining Unicode char U+00E9 (decimal 233)
   defining Unicode char U+00EA (decimal 234)
   defining Unicode char U+00EB (decimal 235)
   defining Unicode char U+00EC (decimal 236)
   defining Unicode char U+00ED (decimal 237)
   defining Unicode char U+00EE (decimal 238)
   defining Unicode char U+00EF (decimal 239)
   defining Unicode char U+00F0 (decimal 240)
   defining Unicode char U+00F1 (decimal 241)
   defining Unicode char U+00F2 (decimal 242)
   defining Unicode char U+00F3 (decimal 243)
   defining Unicode char U+00F4 (decimal 244)
   defining Unicode char U+00F5 (decimal 245)
   defining Unicode char U+00F6 (decimal 246)
   defining Unicode char U+00F8 (decimal 248)
   defining Unicode char U+00F9 (decimal 249)
   defining Unicode char U+00FA (decimal 250)
   defining Unicode char U+00FB (decimal 251)
   defining Unicode char U+00FC (decimal 252)
   defining Unicode char U+00FD (decimal 253)
   defining Unicode char U+00FE (decimal 254)
   defining Unicode char U+00FF (decimal 255)
   defining Unicode char U+0100 (decimal 256)
   defining Unicode char U+0101 (decimal 257)
   defining Unicode char U+0102 (decimal 258)
   defining Unicode char U+0103 (decimal 259)
   defining Unicode char U+0104 (decimal 260)
   defining Unicode char U+0105 (decimal 261)
   defining Unicode char U+0106 (decimal 262)
   defining Unicode char U+0107 (decimal 263)
   defining Unicode char U+0108 (decimal 264)
   defining Unicode char U+0109 (decimal 265)
   defining Unicode char U+010A (decimal 266)
   defining Unicode char U+010B (decimal 267)
   defining Unicode char U+010C (decimal 268)
   defining Unicode char U+010D (decimal 269)
   defining Unicode char U+010E (decimal 270)
   defining Unicode char U+010F (decimal 271)
   defining Unicode char U+0110 (decimal 272)
   defining Unicode char U+0111 (decimal 273)
   defining Unicode char U+0112 (decimal 274)
   defining Unicode char U+0113 (decimal 275)
   defining Unicode char U+0114 (decimal 276)
   defining Unicode char U+0115 (decimal 277)
   defining Unicode char U+0116 (decimal 278)
   defining Unicode char U+0117 (decimal 279)
   defining Unicode char U+0118 (decimal 280)
   defining Unicode char U+0119 (decimal 281)
   defining Unicode char U+011A (decimal 282)
   defining Unicode char U+011B (decimal 283)
   defining Unicode char U+011C (decimal 284)
   defining Unicode char U+011D (decimal 285)
   defining Unicode char U+011E (decimal 286)
   defining Unicode char U+011F (decimal 287)
   defining Unicode char U+0120 (decimal 288)
   defining Unicode char U+0121 (decimal 289)
   defining Unicode char U+0122 (decimal 290)
   defining Unicode char U+0123 (decimal 291)
   defining Unicode char U+0124 (decimal 292)
   defining Unicode char U+0125 (decimal 293)
   defining Unicode char U+0128 (decimal 296)
   defining Unicode char U+0129 (decimal 297)
   defining Unicode char U+012A (decimal 298)
   defining Unicode char U+012B (decimal 299)
   defining Unicode char U+012C (decimal 300)
   defining Unicode char U+012D (decimal 301)
   defining Unicode char U+012E (decimal 302)
   defining Unicode char U+012F (decimal 303)
   defining Unicode char U+0130 (decimal 304)
   defining Unicode char U+0131 (decimal 305)
   defining Unicode char U+0132 (decimal 306)
   defining Unicode char U+0133 (decimal 307)
   defining Unicode char U+0134 (decimal 308)
   defining Unicode char U+0135 (decimal 309)
   defining Unicode char U+0136 (decimal 310)
   defining Unicode char U+0137 (decimal 311)
   defining Unicode char U+0139 (decimal 313)
   defining Unicode char U+013A (decimal 314)
   defining Unicode char U+013B (decimal 315)
   defining Unicode char U+013C (decimal 316)
   defining Unicode char U+013D (decimal 317)
   defining Unicode char U+013E (decimal 318)
   defining Unicode char U+0141 (decimal 321)
   defining Unicode char U+0142 (decimal 322)
   defining Unicode char U+0143 (decimal 323)
   defining Unicode char U+0144 (decimal 324)
   defining Unicode char U+0145 (decimal 325)
   defining Unicode char U+0146 (decimal 326)
   defining Unicode char U+0147 (decimal 327)
   defining Unicode char U+0148 (decimal 328)
   defining Unicode char U+014A (decimal 330)
   defining Unicode char U+014B (decimal 331)
   defining Unicode char U+014C (decimal 332)
   defining Unicode char U+014D (decimal 333)
   defining Unicode char U+014E (decimal 334)
   defining Unicode char U+014F (decimal 335)
   defining Unicode char U+0150 (decimal 336)
   defining Unicode char U+0151 (decimal 337)
   defining Unicode char U+0152 (decimal 338)
   defining Unicode char U+0153 (decimal 339)
   defining Unicode char U+0154 (decimal 340)
   defining Unicode char U+0155 (decimal 341)
   defining Unicode char U+0156 (decimal 342)
   defining Unicode char U+0157 (decimal 343)
   defining Unicode char U+0158 (decimal 344)
   defining Unicode char U+0159 (decimal 345)
   defining Unicode char U+015A (decimal 346)
   defining Unicode char U+015B (decimal 347)
   defining Unicode char U+015C (decimal 348)
   defining Unicode char U+015D (decimal 349)
   defining Unicode char U+015E (decimal 350)
   defining Unicode char U+015F (decimal 351)
   defining Unicode char U+0160 (decimal 352)
   defining Unicode char U+0161 (decimal 353)
   defining Unicode char U+0162 (decimal 354)
   defining Unicode char U+0163 (decimal 355)
   defining Unicode char U+0164 (decimal 356)
   defining Unicode char U+0165 (decimal 357)
   defining Unicode char U+0168 (decimal 360)
   defining Unicode char U+0169 (decimal 361)
   defining Unicode char U+016A (decimal 362)
   defining Unicode char U+016B (decimal 363)
   defining Unicode char U+016C (decimal 364)
   defining Unicode char U+016D (decimal 365)
   defining Unicode char U+016E (decimal 366)
   defining Unicode char U+016F (decimal 367)
   defining Unicode char U+0170 (decimal 368)
   defining Unicode char U+0171 (decimal 369)
   defining Unicode char U+0172 (decimal 370)
   defining Unicode char U+0173 (decimal 371)
   defining Unicode char U+0174 (decimal 372)
   defining Unicode char U+0175 (decimal 373)
   defining Unicode char U+0176 (decimal 374)
   defining Unicode char U+0177 (decimal 375)
   defining Unicode char U+0178 (decimal 376)
   defining Unicode char U+0179 (decimal 377)
   defining Unicode char U+017A (decimal 378)
   defining Unicode char U+017B (decimal 379)
   defining Unicode char U+017C (decimal 380)
   defining Unicode char U+017D (decimal 381)
   defining Unicode char U+017E (decimal 382)
   defining Unicode char U+01CD (decimal 461)
   defining Unicode char U+01CE (decimal 462)
   defining Unicode char U+01CF (decimal 463)
   defining Unicode char U+01D0 (decimal 464)
   defining Unicode char U+01D1 (decimal 465)
   defining Unicode char U+01D2 (decimal 466)
   defining Unicode char U+01D3 (decimal 467)
   defining Unicode char U+01D4 (decimal 468)
   defining Unicode char U+01E2 (decimal 482)
   defining Unicode char U+01E3 (decimal 483)
   defining Unicode char U+01E6 (decimal 486)
   defining Unicode char U+01E7 (decimal 487)
   defining Unicode char U+01E8 (decimal 488)
   defining Unicode char U+01E9 (decimal 489)
   defining Unicode char U+01EA (decimal 490)
   defining Unicode char U+01EB (decimal 491)
   defining Unicode char U+01F0 (decimal 496)
   defining Unicode char U+01F4 (decimal 500)
   defining Unicode char U+01F5 (decimal 501)
   defining Unicode char U+0218 (decimal 536)
   defining Unicode char U+0219 (decimal 537)
   defining Unicode char U+021A (decimal 538)
   defining Unicode char U+021B (decimal 539)
   defining Unicode char U+1E02 (decimal 7682)
   defining Unicode char U+1E03 (decimal 7683)
   defining Unicode char U+200C (decimal 8204)
   defining Unicode char U+2010 (decimal 8208)
   defining Unicode char U+2011 (decimal 8209)
   defining Unicode char U+2012 (decimal 8210)
   defining Unicode char U+2013 (decimal 8211)
   defining Unicode char U+2014 (decimal 8212)
   defining Unicode char U+2015 (decimal 8213)
   defining Unicode char U+2018 (decimal 8216)
   defining Unicode char U+2019 (decimal 8217)
   defining Unicode char U+201A (decimal 8218)
   defining Unicode char U+201C (decimal 8220)
   defining Unicode char U+201D (decimal 8221)
   defining Unicode char U+201E (decimal 8222)
   defining Unicode char U+2030 (decimal 8240)
   defining Unicode char U+2031 (decimal 8241)
   defining Unicode char U+2039 (decimal 8249)
   defining Unicode char U+203A (decimal 8250)
   defining Unicode char U+2423 (decimal 9251)
)
Now handling font encoding OT1 ...
... processing UTF-8 mapping file for font encoding OT1

(f:/Programme/texlive/2016/texmf-dist/tex/latex/base/ot1enc.dfu
File: ot1enc.dfu 2016/02/28 v1.1s UTF-8 support for inputenc
   defining Unicode char U+00A0 (decimal 160)
   defining Unicode char U+00A1 (decimal 161)
   defining Unicode char U+00A3 (decimal 163)
   defining Unicode char U+00AD (decimal 173)
   defining Unicode char U+00B8 (decimal 184)
   defining Unicode char U+00BF (decimal 191)
   defining Unicode char U+00C5 (decimal 197)
   defining Unicode char U+00C6 (decimal 198)
   defining Unicode char U+00D8 (decimal 216)
   defining Unicode char U+00DF (decimal 223)
   defining Unicode char U+00E6 (decimal 230)
   defining Unicode char U+00EC (decimal 236)
   defining Unicode char U+00ED (decimal 237)
   defining Unicode char U+00EE (decimal 238)
   defining Unicode char U+00EF (decimal 239)
   defining Unicode char U+00F8 (decimal 248)
   defining Unicode char U+0131 (decimal 305)
   defining Unicode char U+0141 (decimal 321)
   defining Unicode char U+0142 (decimal 322)
   defining Unicode char U+0152 (decimal 338)
   defining Unicode char U+0153 (decimal 339)
   defining Unicode char U+0174 (decimal 372)
   defining Unicode char U+0175 (decimal 373)
   defining Unicode char U+0176 (decimal 374)
   defining Unicode char U+0177 (decimal 375)
   defining Unicode char U+0218 (decimal 536)
   defining Unicode char U+0219 (decimal 537)
   defining Unicode char U+021A (decimal 538)
   defining Unicode char U+021B (decimal 539)
   defining Unicode char U+2013 (decimal 8211)
   defining Unicode char U+2014 (decimal 8212)
   defining Unicode char U+2018 (decimal 8216)
   defining Unicode char U+2019 (decimal 8217)
   defining Unicode char U+201C (decimal 8220)
   defining Unicode char U+201D (decimal 8221)
)
Now handling font encoding OMS ...
... processing UTF-8 mapping file for font encoding OMS

(f:/Programme/texlive/2016/texmf-dist/tex/latex/base/omsenc.dfu
File: omsenc.dfu 2016/02/28 v1.1s UTF-8 support for inputenc
   defining Unicode char U+00A7 (decimal 167)
   defining Unicode char U+00B6 (decimal 182)
   defining Unicode char U+00B7 (decimal 183)
   defining Unicode char U+2020 (decimal 8224)
   defining Unicode char U+2021 (decimal 8225)
   defining Unicode char U+2022 (decimal 8226)
)
Now handling font encoding OMX ...
... no UTF-8 mapping file for font encoding OMX
Now handling font encoding U ...
... no UTF-8 mapping file for font encoding U
Now handling font encoding PD1 ...
... no UTF-8 mapping file for font encoding PD1
   defining Unicode char U+00A9 (decimal 169)
   defining Unicode char U+00AA (decimal 170)
   defining Unicode char U+00AE (decimal 174)
   defining Unicode char U+00BA (decimal 186)
   defining Unicode char U+02C6 (decimal 710)
   defining Unicode char U+02DC (decimal 732)
   defining Unicode char U+200C (decimal 8204)
   defining Unicode char U+2026 (decimal 8230)
   defining Unicode char U+2122 (decimal 8482)
   defining Unicode char U+2423 (decimal 9251)
))
(f:/Programme/texlive/2016/texmf-dist/tex/latex/base/fontenc.sty
Package: fontenc 2016/06/19 v1.99m Standard LaTeX package

(f:/Programme/texlive/2016/texmf-dist/tex/latex/base/t1enc.def
File: t1enc.def 2016/06/19 v1.99m Standard LaTeX file
LaTeX Font Info:    Redeclaring font encoding T1 on input line 48.
))
(f:/Programme/texlive/2016/texmf-dist/tex/generic/babel/babel.sty
Package: babel 2016/04/23 3.9r The Babel package

(f:/Programme/texlive/2016/texmf-dist/tex/generic/babel-german/ngerman.ldf
Language: ngerman 2016/11/02 v2.9 German support for babel (new orthography)

(f:/Programme/texlive/2016/texmf-dist/tex/generic/babel-german/ngermanb.ldf
Language: ngermanb 2016/11/02 v2.9 German support for babel (new orthography)

(f:/Programme/texlive/2016/texmf-dist/tex/generic/babel/babel.def
File: babel.def 2016/04/23 3.9r Babel common definitions
\babel@savecnt=\count285
\U@D=\dimen107
)
Package babel Info: Making " an active character on input line 125.
)))
(f:/Programme/texlive/2016/texmf-dist/tex/latex/psnfss/mathpazo.sty
Package: mathpazo 2005/04/12 PSNFSS-v9.2a Palatino w/ Pazo Math (D.Puga, WaS) 
\symupright=\mathgroup4
)
(f:/Programme/texlive/2016/texmf-dist/tex/latex/graphics/graphicx.sty
Package: graphicx 2014/10/28 v1.0g Enhanced LaTeX Graphics (DPC,SPQR)

(f:/Programme/texlive/2016/texmf-dist/tex/latex/graphics/graphics.sty
Package: graphics 2016/07/10 v1.0t Standard LaTeX Graphics (DPC,SPQR)

(f:/Programme/texlive/2016/texmf-dist/tex/latex/graphics/trig.sty
Package: trig 2016/01/03 v1.10 sin cos tan (DPC)
)
(f:/Programme/texlive/2016/texmf-dist/tex/latex/graphics-cfg/graphics.cfg
File: graphics.cfg 2016/06/04 v1.11 sample graphics configuration
)
Package graphics Info: Driver file: pdftex.def on input line 99.

(f:/Programme/texlive/2016/texmf-dist/tex/latex/graphics-def/pdftex.def
File: pdftex.def 2016/07/10 v0.06j Graphics/color for pdfTeX
\Gread@gobject=\count286
))
\Gin@req@height=\dimen108
\Gin@req@width=\dimen109
)
(f:/Programme/texlive/2016/texmf-dist/tex/latex/multirow/multirow.sty
Package: multirow 2016/11/25 v2.2 Span multiple rows of a table
\multirow@colwidth=\skip71
\multirow@cntb=\count287
\multirow@dima=\skip72
\bigstrutjot=\dimen110
)
(f:/Programme/texlive/2016/texmf-dist/tex/latex/booktabs/booktabs.sty
Package: booktabs 2016/04/27 v1.618033 publication quality tables
\heavyrulewidth=\dimen111
\lightrulewidth=\dimen112
\cmidrulewidth=\dimen113
\belowrulesep=\dimen114
\belowbottomsep=\dimen115
\aboverulesep=\dimen116
\abovetopsep=\dimen117
\cmidrulesep=\dimen118
\cmidrulekern=\dimen119
\defaultaddspace=\dimen120
\@cmidla=\count288
\@cmidlb=\count289
\@aboverulesep=\dimen121
\@belowrulesep=\dimen122
\@thisruleclass=\count290
\@lastruleclass=\count291
\@thisrulewidth=\dimen123
)
(f:/Programme/texlive/2016/texmf-dist/tex/latex/geometry/geometry.sty
Package: geometry 2010/09/12 v5.6 Page Geometry
\Gm@cnth=\count292
\Gm@cntv=\count293
\c@Gm@tempcnt=\count294
\Gm@bindingoffset=\dimen124
\Gm@wd@mp=\dimen125
\Gm@odd@mp=\dimen126
\Gm@even@mp=\dimen127
\Gm@layoutwidth=\dimen128
\Gm@layoutheight=\dimen129
\Gm@layouthoffset=\dimen130
\Gm@layoutvoffset=\dimen131
\Gm@dimlist=\toks17
)
(f:/Programme/texlive/2016/texmf-dist/tex/latex/tools/array.sty
Package: array 2014/10/28 v2.4c Tabular extension package (FMi)
\col@sep=\dimen132
\extrarowheight=\dimen133
\NC@list=\toks18
\extratabsurround=\skip73
\backup@length=\skip74
)
(f:/Programme/texlive/2016/texmf-dist/tex/latex/tools/tabularx.sty
Package: tabularx 2016/02/03 v2.11 `tabularx' package (DPC)
\TX@col@width=\dimen134
\TX@old@table=\dimen135
\TX@old@col=\dimen136
\TX@target=\dimen137
\TX@delta=\dimen138
\TX@cols=\count295
\TX@ftn=\toks19
)
(f:/Programme/texlive/2016/texmf-dist/tex/latex/tools/longtable.sty
Package: longtable 2014/10/28 v4.11 Multi-page Table package (DPC)
\LTleft=\skip75
\LTright=\skip76
\LTpre=\skip77
\LTpost=\skip78
\LTchunksize=\count296
\LTcapwidth=\dimen139
\LT@head=\box28
\LT@firsthead=\box29
\LT@foot=\box30
\LT@lastfoot=\box31
\LT@cols=\count297
\LT@rows=\count298
\c@LT@tables=\count299
\c@LT@chunks=\count300
\LT@p@ftn=\toks20
)
Class scrreprt Info: longtable captions redefined on input line 28.

(f:/Programme/texlive/2016/texmf-dist/tex/latex/carlisle/ltxtable.sty
Package: ltxtable 1995/12/11 v0.2 longtable/tabularx merge (DPC)
)
(f:/Programme/texlive/2016/texmf-dist/tex/latex/csquotes/csquotes.sty
Package: csquotes 2016/07/14 v5.1h context-sensitive quotations (JAW)
\csq@reset=\count301
\csq@gtype=\count302
\csq@glevel=\count303
\csq@qlevel=\count304
\csq@maxlvl=\count305
\csq@tshold=\count306
\csq@ltx@everypar=\toks21

(f:/Programme/texlive/2016/texmf-dist/tex/latex/csquotes/csquotes.def
File: csquotes.def 2016/07/14 v5.1h csquotes generic definitions (JAW)
)
Package csquotes Info: Trying to load configuration file 'csquotes.cfg'...
Package csquotes Info: ... configuration file loaded successfully.

(f:/Programme/texlive/2016/texmf-dist/tex/latex/csquotes/csquotes.cfg
File: csquotes.cfg 
)
Package csquotes Info: Option 'babel' depreciated.
(csquotes)             Using 'autostyle'.
Package csquotes Info: Enabling multilingual quotes.
Package csquotes Info: Redefining alias 'german' -> 'german/quotes'.
)
(f:/Programme/texlive/2016/texmf-dist/tex/latex/graphics/rotating.sty
Package: rotating 2016/05/22 v2.16c rotated objects in LaTeX
\c@r@tfl@t=\count307
\rotFPtop=\skip79
\rotFPbot=\skip80
\rot@float@box=\box32
\rot@mess@toks=\toks22
)
(f:/Programme/texlive/2016/texmf-dist/tex/latex/amsmath/amsmath.sty
Package: amsmath 2016/06/28 v2.15d AMS math features
\@mathmargin=\skip81

For additional information on amsmath, use the `?' option.
(f:/Programme/texlive/2016/texmf-dist/tex/latex/amsmath/amstext.sty
Package: amstext 2000/06/29 v2.01 AMS text

(f:/Programme/texlive/2016/texmf-dist/tex/latex/amsmath/amsgen.sty
File: amsgen.sty 1999/11/30 v2.0 generic functions
\@emptytoks=\toks23
\ex@=\dimen140
))
(f:/Programme/texlive/2016/texmf-dist/tex/latex/amsmath/amsbsy.sty
Package: amsbsy 1999/11/29 v1.2d Bold Symbols
\pmbraise@=\dimen141
)
(f:/Programme/texlive/2016/texmf-dist/tex/latex/amsmath/amsopn.sty
Package: amsopn 2016/03/08 v2.02 operator names
)
\inf@bad=\count308
LaTeX Info: Redefining \frac on input line 199.
\uproot@=\count309
\leftroot@=\count310
LaTeX Info: Redefining \overline on input line 297.
\classnum@=\count311
\DOTSCASE@=\count312
LaTeX Info: Redefining \ldots on input line 394.
LaTeX Info: Redefining \dots on input line 397.
LaTeX Info: Redefining \cdots on input line 518.
\Mathstrutbox@=\box33
\strutbox@=\box34
\big@size=\dimen142
LaTeX Font Info:    Redeclaring font encoding OML on input line 634.
LaTeX Font Info:    Redeclaring font encoding OMS on input line 635.
\macc@depth=\count313
\c@MaxMatrixCols=\count314
\dotsspace@=\muskip11
\c@parentequation=\count315
\dspbrk@lvl=\count316
\tag@help=\toks24
\row@=\count317
\column@=\count318
\maxfields@=\count319
\andhelp@=\toks25
\eqnshift@=\dimen143
\alignsep@=\dimen144
\tagshift@=\dimen145
\tagwidth@=\dimen146
\totwidth@=\dimen147
\lineht@=\dimen148
\@envbody=\toks26
\multlinegap=\skip82
\multlinetaggap=\skip83
\mathdisplay@stack=\toks27
LaTeX Info: Redefining \[ on input line 2739.
LaTeX Info: Redefining \] on input line 2740.
)
(f:/Programme/texlive/2016/texmf-dist/tex/latex/listings/listings.sty
\lst@mode=\count320
\lst@gtempboxa=\box35
\lst@token=\toks28
\lst@length=\count321
\lst@currlwidth=\dimen149
\lst@column=\count322
\lst@pos=\count323
\lst@lostspace=\dimen150
\lst@width=\dimen151
\lst@newlines=\count324
\lst@lineno=\count325
\lst@maxwidth=\dimen152

(f:/Programme/texlive/2016/texmf-dist/tex/latex/listings/lstmisc.sty
File: lstmisc.sty 2015/06/04 1.6 (Carsten Heinz)
\c@lstnumber=\count326
\lst@skipnumbers=\count327
\lst@framebox=\box36
)
(f:/Programme/texlive/2016/texmf-dist/tex/latex/listings/listings.cfg
File: listings.cfg 2015/06/04 1.6 listings configuration
))
Package: listings 2015/06/04 1.6 (Carsten Heinz)
Package biblatex Info: Trying to load language 'ngerman'...
Package biblatex Info: ... file 'ngerman.lbx' found.

(f:/Programme/texlive/2016/texmf-dist/tex/latex/biblatex/lbx/ngerman.lbx
File: ngerman.lbx 2016/09/17 v3.6 biblatex localization (PK/JW/AB)
Package biblatex Info: Trying to load language 'german'...
Package biblatex Info: ... file 'german.lbx' found.

(f:/Programme/texlive/2016/texmf-dist/tex/latex/biblatex/lbx/german.lbx
File: german.lbx 2016/09/17 v3.6 biblatex localization (PK/JW/AB)
))
Package csquotes Info: Checking for multilingual support...
Package csquotes Info: ... found 'babel' package.

(./Dokumentation.aux

LaTeX Warning: Label `my-label' multiply defined.

)
\openout1 = `Dokumentation.aux'.

LaTeX Font Info:    Checking defaults for OML/cmm/m/it on input line 36.
LaTeX Font Info:    ... okay on input line 36.
LaTeX Font Info:    Checking defaults for T1/cmr/m/n on input line 36.
LaTeX Font Info:    ... okay on input line 36.
LaTeX Font Info:    Checking defaults for OT1/cmr/m/n on input line 36.
LaTeX Font Info:    ... okay on input line 36.
LaTeX Font Info:    Checking defaults for OMS/cmsy/m/n on input line 36.
LaTeX Font Info:    ... okay on input line 36.
LaTeX Font Info:    Checking defaults for OMX/cmex/m/n on input line 36.
LaTeX Font Info:    ... okay on input line 36.
LaTeX Font Info:    Checking defaults for U/cmr/m/n on input line 36.
LaTeX Font Info:    ... okay on input line 36.
LaTeX Font Info:    Checking defaults for PD1/pdf/m/n on input line 36.
LaTeX Font Info:    ... okay on input line 36.
LaTeX Font Info:    Try loading font information for T1+pplx on input line 36.
 (f:/Programme/texlive/2016/texmf-dist/tex/latex/psnfss/t1pplx.fd
File: t1pplx.fd 2004/09/06 font definitions for T1/pplx.
)
\AtBeginShipoutBox=\box37

(f:/Programme/texlive/2016/texmf-dist/tex/latex/graphics/color.sty
Package: color 2016/07/10 v1.1e Standard LaTeX Color (DPC)

(f:/Programme/texlive/2016/texmf-dist/tex/latex/graphics-cfg/color.cfg
File: color.cfg 2016/01/02 v1.6 sample color configuration
)
Package color Info: Driver file: pdftex.def on input line 147.
)
Package hyperref Info: Link coloring ON on input line 36.

(f:/Programme/texlive/2016/texmf-dist/tex/latex/hyperref/nameref.sty
Package: nameref 2016/05/21 v2.44 Cross-referencing by name of section

(f:/Programme/texlive/2016/texmf-dist/tex/generic/oberdiek/gettitlestring.sty
Package: gettitlestring 2016/05/16 v1.5 Cleanup title references (HO)
)
\c@section@level=\count328
)
LaTeX Info: Redefining \ref on input line 36.
LaTeX Info: Redefining \pageref on input line 36.
LaTeX Info: Redefining \nameref on input line 36.
(./Dokumentation.out) (./Dokumentation.out)
\@outlinefile=\write5
\openout5 = `Dokumentation.out'.

Package biblatex Info: Input encoding 'utf8' detected.
Package biblatex Info: Automatic encoding selection.
(biblatex)             Assuming data encoding 'utf8'.
\openout4 = `Dokumentation.bcf'.

Package biblatex Info: Trying to load bibliographic data...
Package biblatex Info: ... file 'Dokumentation.bbl' found.
 (./Dokumentation.bbl

Package biblatex Warning: The following entry could not be found
(biblatex)                in the database:
(biblatex)                Android:designprinciples
(biblatex)                Please verify the spelling and rerun
(biblatex)                LaTeX afterwards.

)
Package biblatex Info: Reference section=0 on input line 36.
Package biblatex Info: Reference segment=0 on input line 36.
 (f:/Programme/texlive/2016/texmf-dist/tex/context/base/mkii/supp-pdf.mkii
[Loading MPS to PDF converter (version 2006.09.02).]
\scratchcounter=\count329
\scratchdimen=\dimen153
\scratchbox=\box38
\nofMPsegments=\count330
\nofMParguments=\count331
\everyMPshowfont=\toks29
\MPscratchCnt=\count332
\MPscratchDim=\dimen154
\MPnumerator=\count333
\makeMPintoPDFobject=\count334
\everyMPtoPDFconversion=\toks30
) (f:/Programme/texlive/2016/texmf-dist/tex/latex/oberdiek/epstopdf-base.sty
Package: epstopdf-base 2016/05/15 v2.6 Base part for package epstopdf

(f:/Programme/texlive/2016/texmf-dist/tex/latex/oberdiek/grfext.sty
Package: grfext 2016/05/16 v1.2 Manage graphics extensions (HO)
)
Package epstopdf-base Info: Redefining graphics rule for `.eps' on input line 4
38.
Package grfext Info: Graphics extension search list:
(grfext)             [.png,.pdf,.jpg,.mps,.jpeg,.jbig2,.jb2,.PNG,.PDF,.JPG,.JPE
G,.JBIG2,.JB2,.eps]
(grfext)             \AppendGraphicsExtensions on input line 456.

(f:/Programme/texlive/2016/texmf-dist/tex/latex/latexconfig/epstopdf-sys.cfg
File: epstopdf-sys.cfg 2010/07/13 v1.3 Configuration of (r)epstopdf for TeX Liv
e
))
*geometry* driver: auto-detecting
*geometry* detected driver: pdftex
*geometry* verbose mode - [ preamble ] result:
* driver: pdftex
* paper: a4paper
* layout: <same size as paper>
* layoutoffset:(h,v)=(0.0pt,0.0pt)
* modes: 
* h-part:(L,W,R)=(71.13188pt, 455.24411pt, 71.13188pt)
* v-part:(T,H,B)=(71.13188pt, 702.78308pt, 71.13188pt)
* \paperwidth=597.50787pt
* \paperheight=845.04684pt
* \textwidth=455.24411pt
* \textheight=702.78308pt
* \oddsidemargin=-1.1381pt
* \evensidemargin=-1.1381pt
* \topmargin=-41.0131pt
* \headheight=18.125pt
* \headsep=21.75pt
* \topskip=12.0pt
* \footskip=50.75pt
* \marginparwidth=49.79233pt
* \marginparsep=12.8401pt
* \columnsep=10.0pt
* \skip\footins=10.8pt plus 4.0pt minus 2.0pt
* \hoffset=0.0pt
* \voffset=0.0pt
* \mag=1000
* \@twocolumnfalse
* \@twosidefalse
* \@mparswitchfalse
* \@reversemarginfalse
* (1in=72.27pt=25.4mm, 1cm=28.453pt)

\c@lstlisting=\count335
LaTeX Font Info:    Try loading font information for T1+cmss on input line 44.
(f:/Programme/texlive/2016/texmf-dist/tex/latex/base/t1cmss.fd
File: t1cmss.fd 2014/09/29 v2.5h Standard LaTeX font definitions
)
LaTeX Font Info:    Try loading font information for OT1+pplx on input line 44.


(f:/Programme/texlive/2016/texmf-dist/tex/latex/psnfss/ot1pplx.fd
File: ot1pplx.fd 2004/09/06 font definitions for OT1/pplx.
)
LaTeX Font Info:    Try loading font information for OML+zplm on input line 44.


(f:/Programme/texlive/2016/texmf-dist/tex/latex/psnfss/omlzplm.fd
File: omlzplm.fd 2002/09/08 Fontinst v1.914 font definitions for OML/zplm.
)
LaTeX Font Info:    Try loading font information for OMS+zplm on input line 44.


(f:/Programme/texlive/2016/texmf-dist/tex/latex/psnfss/omszplm.fd
File: omszplm.fd 2002/09/08 Fontinst v1.914 font definitions for OMS/zplm.
)
LaTeX Font Info:    Try loading font information for OMX+zplm on input line 44.


(f:/Programme/texlive/2016/texmf-dist/tex/latex/psnfss/omxzplm.fd
File: omxzplm.fd 2002/09/08 Fontinst v1.914 font definitions for OMX/zplm.
)
LaTeX Font Info:    Try loading font information for OT1+zplm on input line 44.


(f:/Programme/texlive/2016/texmf-dist/tex/latex/psnfss/ot1zplm.fd
File: ot1zplm.fd 2002/09/08 Fontinst v1.914 font definitions for OT1/zplm.
) [1



{f:/Programme/texlive/2016/texmf-var/fonts/map/pdftex/updmap/pdftex.map}]
(./Dokumentation.toc [2

])
\tf@toc=\write6
\openout6 = `Dokumentation.toc'.

 (./Wahl_Vorgehensmodell.tex [3]
chapter 1.

Class scrreprt Warning: \float@addtolists detected!
(scrreprt)              Implementation of \float@addtolist became
(scrreprt)              deprecated in KOMA-Script v3.01 2008/11/14 and
(scrreprt)              has been replaced by several more flexible
(scrreprt)              features of package `tocbasic`.
(scrreprt)              Since Version 3.12 support for deprecated
(scrreprt)              \float@addtolist interface has been
(scrreprt)              restricted to only some of the KOMA-Script
(scrreprt)              features and been removed from others.
(scrreprt)              Loading of package `scrhack' may help to
(scrreprt)              avoid this warning, if you are using a
(scrreprt)              a package that still implements the
(scrreprt)              deprecated \float@addtolist interface .


Underfull \hbox (badness 10000) in paragraph at lines 2--3

 []

LaTeX Font Info:    Try loading font information for OMS+pplx on input line 8.
LaTeX Font Info:    No file OMSpplx.fd. on input line 8.

LaTeX Font Warning: Font shape `OMS/pplx/m/n' undefined
(Font)              using `OMS/cmsy/m/n' instead
(Font)              for symbol `textbullet' on input line 8.

[4

] <ue_cycle.jpg, id=388, 578.16pt x 481.8pt>
File: ue_cycle.jpg Graphic file (type jpg)
 <use ue_cycle.jpg>
Package pdftex.def Info: ue_cycle.jpg used on input line 24.
(pdftex.def)             Requested size: 455.24165pt x 379.36804pt.
)
(./Anforderungen.tex [5 <./ue_cycle.jpg>]
chapter 2.

Underfull \hbox (badness 10000) in paragraph at lines 24--30

 []

[6

]
Underfull \hbox (badness 10000) in paragraph at lines 33--38

 []

) (./UserProfiles.tex [7]
chapter 3.

LaTeX Warning: Overwriting file `./user_profile_2.auto'.

\openout15 = `user_profile_2.auto'.


LaTeX Warning: Tab has been converted to Blank Space.


(./user_profile_2.auto) (./user_profile_2.auto) (./user_profile_2.auto [8

])
[9]

LaTeX Warning: Overwriting file `./user_profile_8.auto'.

\openout15 = `user_profile_8.auto'.


LaTeX Warning: Tab has been converted to Blank Space.


(./user_profile_8.auto) (./user_profile_8.auto) (./user_profile_8.auto [10]))
(./Task_Analysis.tex [11]
chapter 4.

Underfull \hbox (badness 10000) in paragraph at lines 3--4

 []


Underfull \hbox (badness 10000) in paragraph at lines 5--6

 []


Underfull \hbox (badness 10000) in paragraph at lines 7--8

 []


LaTeX Warning: Reference `stakeholder' on page 12 undefined on input line 9.


LaTeX Warning: Reference `nutzungskontext' on page 12 undefined on input line 9
.


Underfull \hbox (badness 10000) in paragraph at lines 9--10

 []

(./BriefUseCase.tex

LaTeX Warning: No positions in optional float specifier.
               Default added (so using `tbp') on input line 1.


Underfull \hbox (badness 6792) in paragraph at lines 21--21
[]|\T1/pplx/m/n/12 Dokumentation der
 []


Underfull \hbox (badness 10000) in paragraph at lines 21--21
[]|\T1/pplx/m/n/12 Probleme im
 []


Underfull \hbox (badness 10000) in paragraph at lines 21--21
\T1/pplx/m/n/12 Aqua-ri-um/
 []


Underfull \hbox (badness 10000) in paragraph at lines 21--21
\T1/pplx/m/n/12 op-ti-ma-le Be-
 []


Underfull \hbox (badness 10000) in paragraph at lines 21--21
\T1/pplx/m/n/12 dem Aqua-ria-
 []


Underfull \hbox (badness 10000) in paragraph at lines 21--21
[]|\T1/pplx/m/n/12 Dokumentation ist
 []


Underfull \hbox (badness 6792) in paragraph at lines 21--21
[]|\T1/pplx/m/n/12 Dokumentation der
 []


Underfull \hbox (badness 1571) in paragraph at lines 21--21
[]|\T1/pplx/m/n/12 Der Be-sit-zer be-sitzt ein Tool
 []


Underfull \hbox (badness 10000) in paragraph at lines 21--21
[]|\T1/pplx/m/n/12 Probleme im
 []


Underfull \hbox (badness 10000) in paragraph at lines 21--21
\T1/pplx/m/n/12 Aqua-ri-um/
 []


Underfull \hbox (badness 10000) in paragraph at lines 21--21
\T1/pplx/m/n/12 op-ti-ma-le Be-
 []


Underfull \hbox (badness 10000) in paragraph at lines 21--21
\T1/pplx/m/n/12 dem Aqua-ria-
 []


Underfull \hbox (badness 1874) in paragraph at lines 21--21
[]|\T1/pplx/m/n/12 Eintragen der Was-
 []


Underfull \hbox (badness 1275) in paragraph at lines 21--21
\T1/pplx/m/n/12 ser-wer-te auf-wen-dig.
 []


Underfull \hbox (badness 10000) in paragraph at lines 21--21
\T1/pplx/m/n/12 was-ser-be-stn-dig.
 []


Underfull \hbox (badness 2103) in paragraph at lines 21--21
[]|\T1/pplx/m/n/12 Dngung des Was-
 []


Underfull \hbox (badness 10000) in paragraph at lines 21--21
[]|\T1/pplx/m/n/12 Berechnung der
 []


Underfull \hbox (badness 10000) in paragraph at lines 21--21
\T1/pplx/m/n/12 Do-sie-rung und
 []


Underfull \hbox (badness 10000) in paragraph at lines 21--21
\T1/pplx/m/n/12 das Ken-nen der
 []


Underfull \hbox (badness 1253) in paragraph at lines 21--21
\T1/pplx/m/n/12 stnd-lich. Feh-len-des
 []


Underfull \hbox (badness 10000) in paragraph at lines 21--21
[]|\T1/pplx/m/n/12 Fachhndler das
 []


Underfull \hbox (badness 1048) in paragraph at lines 21--21
\T1/pplx/m/n/12 dem Fach-han-del pr-sen-tie-ren,
 []


Underfull \hbox (badness 4316) in paragraph at lines 21--21
\T1/pplx/m/n/12 del/ Pro-ble-me
 []


Underfull \hbox (badness 10000) in paragraph at lines 21--21
\T1/pplx/m/n/12 un-voll-stn-dig oder
 []


Underfull \hbox (badness 10000) in paragraph at lines 21--21
[]|\T1/pplx/m/n/12 Zielgerichteten
 []


Underfull \hbox (badness 10000) in paragraph at lines 21--21
\T1/pplx/m/n/12 Was-ser-wech-sel
 []


Underfull \hbox (badness 2799) in paragraph at lines 21--21
[]|\T1/pplx/m/n/12 Anhand der Wer-te des Lei-
 []


Underfull \hbox (badness 3780) in paragraph at lines 21--21
\T1/pplx/m/n/12 tungs-was-ser fr die rich-ti-ge
 []


Underfull \hbox (badness 10000) in paragraph at lines 21--21
[]|\T1/pplx/m/n/12 Wchentliche
 []


Underfull \hbox (badness 10000) in paragraph at lines 21--21
\T1/pplx/m/n/12 Aqua-ri-umpfle-
 []


Underfull \hbox (badness 10000) in paragraph at lines 21--21
\T1/pplx/m/n/12 ge / Falsche
 []


Underfull \hbox (badness 1122) in paragraph at lines 21--21
[]|\T1/pplx/m/n/12 Berechnung ist auf-
 []


Underfull \hbox (badness 1803) in paragraph at lines 21--21
[]|\T1/pplx/m/n/12 Bei Pro-ble-men die nicht auf
 []


Overfull \hbox (2.0137pt too wide) in paragraph at lines 21--21
[]|\T1/pplx/m/n/12 Problemfindung
 []


Underfull \hbox (badness 3029) in paragraph at lines 21--21
[]|\T1/pplx/m/n/12 Kauf von Ob-jek-ten
 []


Underfull \hbox (badness 1184) in paragraph at lines 21--21
\T1/pplx/m/n/12 del neue Ob-jek-te frs Aqua-
 []


Underfull \hbox (badness 4036) in paragraph at lines 21--21
\T1/pplx/m/n/12 ri-um, wie zum Bei-spiel Fi-
 []


Underfull \hbox (badness 7133) in paragraph at lines 21--21
[]|\T1/pplx/m/n/12 Dem Aqua-ria-
 []


Underfull \hbox (badness 2221) in paragraph at lines 21--21
[]|\T1/pplx/m/n/12 Der Kauf von Ob-
 []


Underfull \hbox (badness 1577) in paragraph at lines 21--21
\T1/pplx/m/n/12 zu dem in-di-vi-du-el-
 []


Underfull \hbox (badness 10000) in paragraph at lines 21--21
[]|\T1/pplx/m/n/12 Der Kun-de(Aquarienbesitzer)
 []


Underfull \hbox (badness 2359) in paragraph at lines 21--21
\T1/pplx/m/n/12 bringt die Pro-be zum Fach-
 []


Underfull \hbox (badness 10000) in paragraph at lines 21--21
\T1/pplx/m/n/12 han-del, der Fach-han-del ist
 []


Underfull \hbox (badness 3291) in paragraph at lines 21--21
[]|\T1/pplx/m/n/12 Kunde mch-te
 []


Underfull \hbox (badness 10000) in paragraph at lines 21--21
[]|\T1/pplx/m/n/12 Zeitliche Dau-er,
 []


Underfull \hbox (badness 10000) in paragraph at lines 21--21
\T1/pplx/m/n/12 der Kun-de muss
 []


Underfull \hbox (badness 10000) in paragraph at lines 21--21
\T1/pplx/m/n/12 oft zwei-mal zum
 []


Underfull \hbox (badness 3029) in paragraph at lines 21--21
[]|\T1/pplx/m/n/12 Beratung des Kun-
 []


Underfull \hbox (badness 6316) in paragraph at lines 21--21
\T1/pplx/m/n/12 den auf-grund von
 []


Underfull \hbox (badness 2057) in paragraph at lines 21--21
[]|\T1/pplx/m/n/12 Schlechte Was-
 []


Underfull \hbox (badness 10000) in paragraph at lines 21--21
\T1/pplx/m/n/12 ser-wer-te im
 []


Underfull \hbox (badness 6252) in paragraph at lines 21--21
\T1/pplx/m/n/12 Aqua-ri-um des
 []


Underfull \hbox (badness 10000) in paragraph at lines 21--21
[]|\T1/pplx/m/n/12 Dokumentation
 []


Underfull \hbox (badness 10000) in paragraph at lines 21--21
\T1/pplx/m/n/12 der Was-ser-wer-te
 []


Underfull \hbox (badness 10000) in paragraph at lines 21--21
\T1/pplx/m/n/12 und Emp-feh-lun-gen
 []


Underfull \hbox (badness 10000) in paragraph at lines 21--21
\T1/pplx/m/n/12 auf Pa-pier geht
 []


Underfull \hbox (badness 10000) in paragraph at lines 21--21
\T1/pplx/m/n/12 oft ver-lo-ren. Ver-
 []


Underfull \hbox (badness 10000) in paragraph at lines 21--21
\T1/pplx/m/n/12 langt An-we-sen-heit
 []


Underfull \hbox (badness 10000) in paragraph at lines 21--21
\T1/pplx/m/n/12 des Kun-dens im
 []


Underfull \hbox (badness 10000) in paragraph at lines 21--21
[]|\T1/pplx/m/n/12 Optimale Be-ra-tung
 []


Underfull \hbox (badness 3291) in paragraph at lines 21--21
[]|\T1/pplx/m/n/12 Kunde mch-te
 []


Underfull \hbox (badness 10000) in paragraph at lines 21--21
[]|\T1/pplx/m/n/12 Individuelle Aqua-
 []


Underfull \hbox (badness 10000) in paragraph at lines 21--21
\T1/pplx/m/n/12 ri-en-ber-sicht der
 []


Underfull \hbox (badness 10000) in paragraph at lines 21--21
\T1/pplx/m/n/12 Kun-den schwie-rig
 []


Underfull \hbox (badness 4144) in paragraph at lines 21--21
\T1/pplx/m/n/12 zu ber-bli-cken, da
 []


Underfull \hbox (badness 10000) in paragraph at lines 21--21
\T1/pplx/m/n/12 die Kun-den oft
 []


Underfull \hbox (badness 10000) in paragraph at lines 21--21
\T1/pplx/m/n/12 wech-seln und die
 []


Underfull \hbox (badness 1502) in paragraph at lines 21--21
\T1/pplx/m/n/12 ein-ma-li-ger Mes-sung
 []


Underfull \hbox (badness 10000) in paragraph at lines 21--21
[]|\T1/pplx/m/n/12 Problemanalyse
 []


Overfull \hbox (2.0137pt too wide) in paragraph at lines 21--21
[]|\T1/pplx/m/n/12 Problemfindung
 []


LaTeX Warning: Float too large for page by 104.0407pt on input line 22.

)

LaTeX Warning: Reference `app:usp' on page 12 undefined on input line 13.


LaTeX Warning: Reference `app:taskscenarios' on page 12 undefined on input line
 13.


Underfull \hbox (badness 10000) in paragraph at lines 13--14

 []


Underfull \hbox (badness 10000) in paragraph at lines 17--18

 []

[12

] [13]
Underfull \hbox (badness 10000) in paragraph at lines 19--20

 []


Underfull \hbox (badness 10000) in paragraph at lines 34--35

 []

[14]
Underfull \hbox (badness 10000) in paragraph at lines 44--45

 []


Underfull \hbox (badness 10000) in paragraph at lines 46--47

 []


Underfull \hbox (badness 10000) in paragraph at lines 60--61

 []

[15]
Overfull \hbox (2.7722pt too wide) in paragraph at lines 64--65
[]\T1/pplx/m/n/12 Der Fach-hand-lung al-le In-for-ma-tio-nen(Wasserwerte, Fi-sc
he, Pflan-zen) zum Aqua-
 []

[16] <utd_aqverwaltung.png, id=468, 1358.07375pt x 736.7525pt>
File: utd_aqverwaltung.png Graphic file (type png)

<use utd_aqverwaltung.png>
Package pdftex.def Info: utd_aqverwaltung.png used on input line 103.
(pdftex.def)             Requested size: 455.2321pt x 246.96257pt.

<utd_kuverwaltung.png, id=470, 1024.82875pt x 888.31876pt>
File: utd_kuverwaltung.png Graphic file (type png)

<use utd_kuverwaltung.png>
Package pdftex.def Info: utd_kuverwaltung.png used on input line 111.
(pdftex.def)             Requested size: 455.24202pt x 394.60254pt.
) (./Plattform.tex [17 <./utd_aqverwaltung.png>]
[18 <./utd_kuverwaltung.png>]
chapter 5.

Overfull \hbox (3.06493pt too wide) in paragraph at lines 30--30
[]|\T1/pplx/m/n/12 Internetverbindung|  
 []


Overfull \hbox (3.06493pt too wide) in paragraph at lines 59--59
[]|\T1/pplx/m/n/12 Internetverbindung|  
 []

) (./Gestaltungsprinzipien.tex [19

] [20]
chapter 6.

LaTeX Warning: Reference `app:generaldesignprinciples' on page 21 undefined on 
input line 4.

[21

]) (./UsabilityGoals.tex [22]
chapter 7.

Underfull \hbox (badness 10000) in paragraph at lines 21--86

 []


Underfull \hbox (badness 10000) in paragraph at lines 21--86

 []


Underfull \hbox (badness 10000) in paragraph at lines 21--86

 []


Underfull \hbox (badness 10000) in paragraph at lines 21--86

 []


Underfull \hbox (badness 10000) in paragraph at lines 21--86

 []


Underfull \hbox (badness 10000) in paragraph at lines 21--86

 []


Underfull \hbox (badness 10000) in paragraph at lines 21--86

 []


Underfull \hbox (badness 10000) in paragraph at lines 21--86

 []


Underfull \hbox (badness 10000) in paragraph at lines 21--86

 []


Underfull \hbox (badness 10000) in paragraph at lines 21--86

 []


Underfull \hbox (badness 10000) in paragraph at lines 21--86

 []


Underfull \hbox (badness 10000) in paragraph at lines 21--86

 []


Underfull \hbox (badness 10000) in paragraph at lines 21--86

 []


Underfull \hbox (badness 10000) in paragraph at lines 21--86

 []


Underfull \hbox (badness 10000) in paragraph at lines 21--86

 []


Underfull \hbox (badness 10000) in paragraph at lines 21--86

 []


Underfull \hbox (badness 10000) in paragraph at lines 21--86

 []


Underfull \hbox (badness 10000) in paragraph at lines 21--86

 []


Underfull \hbox (badness 10000) in paragraph at lines 21--86

 []


Underfull \hbox (badness 10000) in paragraph at lines 21--86

 []


Underfull \hbox (badness 10000) in paragraph at lines 21--86

 []


Underfull \hbox (badness 10000) in paragraph at lines 21--86

 []


Underfull \hbox (badness 10000) in paragraph at lines 21--86

 []


Underfull \hbox (badness 10000) in paragraph at lines 21--86

 []


Underfull \hbox (badness 10000) in paragraph at lines 21--86

 []


Underfull \hbox (badness 10000) in paragraph at lines 21--86

 []


Underfull \hbox (badness 10000) in paragraph at lines 21--86

 []


Underfull \hbox (badness 10000) in paragraph at lines 21--86

 []


Underfull \hbox (badness 10000) in paragraph at lines 21--86

 []


Underfull \hbox (badness 10000) in paragraph at lines 21--86

 []


Underfull \hbox (badness 10000) in paragraph at lines 21--86

 []


Underfull \hbox (badness 10000) in paragraph at lines 21--86

 []

[23

] [24] [25]) (./WorkReEngineering.tex [26]
chapter 8.

Overfull \hbox (4.06789pt too wide) in paragraph at lines 2--4
\T1/pplx/m/n/12 Interaktion.[[][]7[][]] Ne-ben den User Task Dia-gram-men neh-m
en al-le bis-her ge-t-tig-ten Schrit-
 []

<euc_aq_1.png, id=531, 815.045pt x 132.495pt>
File: euc_aq_1.png Graphic file (type png)
 <use euc_aq_1.png>
Package pdftex.def Info: euc_aq_1.png used on input line 14.
(pdftex.def)             Requested size: 455.2406pt x 74.00462pt.

<euc_aq_2.png, id=532, 818.05624pt x 172.645pt>
File: euc_aq_2.png Graphic file (type png)
 <use euc_aq_2.png>
Package pdftex.def Info: euc_aq_2.png used on input line 22.
(pdftex.def)             Requested size: 455.24988pt x 96.07726pt.

<euc_aq_4.png, id=533, 821.0675pt x 286.06876pt>
File: euc_aq_4.png Graphic file (type png)
 <use euc_aq_4.png>
Package pdftex.def Info: euc_aq_4.png used on input line 30.
(pdftex.def)             Requested size: 455.23431pt x 158.60852pt.

<euc_aq_3.png, id=534, 817.0525pt x 229.85875pt>
File: euc_aq_3.png Graphic file (type png)
 <use euc_aq_3.png>
Package pdftex.def Info: euc_aq_3.png used on input line 38.
(pdftex.def)             Requested size: 455.25232pt x 128.07465pt.

<euc_aq_5.png, id=535, 817.0525pt x 192.72pt>
File: euc_aq_5.png Graphic file (type png)
 <use euc_aq_5.png>
Package pdftex.def Info: euc_aq_5.png used on input line 46.
(pdftex.def)             Requested size: 455.25232pt x 107.38136pt.

<euc_ku_1.png, id=537, 821.0675pt x 153.57375pt>
File: euc_ku_1.png Graphic file (type png)
 <use euc_ku_1.png>
Package pdftex.def Info: euc_ku_1.png used on input line 57.
(pdftex.def)             Requested size: 455.23431pt x 85.14772pt.

<euc_ku_2.png, id=538, 1071.00125pt x 136.51pt>
File: euc_ku_2.png Graphic file (type png)
 <use euc_ku_2.png>
Package pdftex.def Info: euc_ku_2.png used on input line 65.
(pdftex.def)             Requested size: 455.24306pt x 58.02534pt.

<euc_ku_3.png, id=539, 818.05624pt x 172.645pt>
File: euc_ku_3.png Graphic file (type png)
 <use euc_ku_3.png>
Package pdftex.def Info: euc_ku_3.png used on input line 73.
(pdftex.def)             Requested size: 455.24988pt x 96.07726pt.

<euc_ku_4.png, id=540, 819.06pt x 227.85126pt>
File: euc_ku_4.png Graphic file (type png)
 <use euc_ku_4.png>
Package pdftex.def Info: euc_ku_4.png used on input line 81.
(pdftex.def)             Requested size: 455.25856pt x 126.64668pt.
 [27

 <./euc_aq_1.png>] [28 <./euc_aq_2.png> <./euc_aq_4.png> <./euc_aq_3.png> <./eu
c_aq_5.png>] [29 <./euc_ku_1.png> <./euc_ku_2.png> <./euc_ku_3.png> <./euc_ku_4
.png>]
<utd_aqverwaltung_reenginered.png, id=575, 1332.98pt x 862.22125pt>
File: utd_aqverwaltung_reenginered.png Graphic file (type png)

<use utd_aqverwaltung_reenginered.png>
Package pdftex.def Info: utd_aqverwaltung_reenginered.png used on input line 96
.
(pdftex.def)             Requested size: 455.24117pt x 294.46698pt.
 [30 <./utd_aqverwaltung_reenginered.png>] <utd_kuverwaltung_reenginered.png, i
d=585, 1167.36125pt x 850.17625pt>
File: utd_kuverwaltung_reenginered.png Graphic file (type png)

<use utd_kuverwaltung_reenginered.png>
Package pdftex.def Info: utd_kuverwaltung_reenginered.png used on input line 10
7.
(pdftex.def)             Requested size: 455.23343pt x 331.54146pt.
) (./KonzeptuellesModell.tex [31 <./utd_kuverwaltung_reenginered.png>]
chapter 9.

Underfull \hbox (badness 10000) in paragraph at lines 15--20

 []


Underfull \hbox (badness 10000) in paragraph at lines 15--20

 []

[32

] <KModell1.jpg, id=602, 453.8556pt x 372.9132pt>
File: KModell1.jpg Graphic file (type jpg)
 <use KModell1.jpg>
Package pdftex.def Info: KModell1.jpg used on input line 25.
(pdftex.def)             Requested size: 455.24411pt x 374.06169pt.

<KModell2_1.jpg, id=603, 325.6968pt x 525.162pt>
File: KModell2_1.jpg Graphic file (type jpg)
 <use KModell2_1.jpg>
Package pdftex.def Info: KModell2_1.jpg used on input line 32.
(pdftex.def)             Requested size: 182.09486pt x 293.61592pt.

<KModell2_2.jpg, id=604, 323.7696pt x 523.2348pt>
File: KModell2_2.jpg Graphic file (type jpg)
 <use KModell2_2.jpg>
Package pdftex.def Info: KModell2_2.jpg used on input line 39.
(pdftex.def)             Requested size: 182.09486pt x 294.27893pt.

<KModell3_1.jpg, id=605, 321.8424pt x 523.2348pt>
File: KModell3_1.jpg Graphic file (type jpg)
 <use KModell3_1.jpg>
Package pdftex.def Info: KModell3_1.jpg used on input line 46.
(pdftex.def)             Requested size: 182.09486pt x 296.05136pt.

<KModell3_2.jpg, id=606, 322.806pt x 524.1984pt>
File: KModell3_2.jpg Graphic file (type jpg)
 <use KModell3_2.jpg>
Package pdftex.def Info: KModell3_2.jpg used on input line 53.
(pdftex.def)             Requested size: 182.09486pt x 295.70073pt.
)
(./SDS.tex [33] [34 <./KModell1.jpg>] [35 <./KModell2_1.jpg> <./KModell2_2.jpg>
] [36 <./KModell3_1.jpg> <./KModell3_2.jpg>]
chapter 10.

LaTeX Warning: No positions in optional float specifier.
               Default added (so using `tbp') on input line 20.

[37

] [38]

LaTeX Warning: No positions in optional float specifier.
               Default added (so using `tbp') on input line 70.

[39]
Overfull \hbox (2.5476pt too wide) in paragraph at lines 96--97
[]\T1/pplx/m/n/12 Die Grup-pen-ber-schrif-ten sol-len oben links ge-setzt wer-
den. Un-ter-halb und leicht
 []

[40]) (./Systemdokumentation.tex [41]
chapter 11.
<Kommunikationsdiagramm1.jpg, id=652, 1003.75pt x 702.625pt>
File: Kommunikationsdiagramm1.jpg Graphic file (type jpg)

<use Kommunikationsdiagramm1.jpg>
Package pdftex.def Info: Kommunikationsdiagramm1.jpg used on input line 13.
(pdftex.def)             Requested size: 386.96027pt x 270.87062pt.
 [42

 <./Kommunikationsdiagramm1.jpg>]
<Kommunikationsdiagramm2.jpg, id=659, 1003.75pt x 803.0pt>
File: Kommunikationsdiagramm2.jpg Graphic file (type jpg)

<use Kommunikationsdiagramm2.jpg>
Package pdftex.def Info: Kommunikationsdiagramm2.jpg used on input line 24.
(pdftex.def)             Requested size: 386.96027pt x 309.56642pt.

Underfull \hbox (badness 10000) in paragraph at lines 31--34

 []

[43 <./Kommunikationsdiagramm2.jpg>]
<Architektur.jpg, id=668, 240.9pt x 192.72pt>
File: Architektur.jpg Graphic file (type jpg)
 <use Architektur.jpg>
Package pdftex.def Info: Architektur.jpg used on input line 37.
(pdftex.def)             Requested size: 455.24411pt x 364.23093pt.
 [44 <./Architektur.jpg>] [45] [46]
Overfull \hbox (16.47581pt too wide) in paragraph at lines 141--142
\T1/pplx/m/n/12 Die Be-nut-ze-rin-for-ma-tio-nen wer-den in un-se-rer Da-ten-ba
nk un-ter der MongoDB-Collection
 []


Underfull \hbox (badness 10000) in paragraph at lines 157--160

 []

[47] [48]) [49] (./Dokumentation.lot)
\tf@lot=\write7
\openout7 = `Dokumentation.lot'.

 [50

] (./Dokumentation.lof)
\tf@lof=\write8
\openout8 = `Dokumentation.lof'.

 [51

]
LaTeX Font Info:    Try loading font information for T1+cmtt on input line 64.

(f:/Programme/texlive/2016/texmf-dist/tex/latex/base/t1cmtt.fd
File: t1cmtt.fd 2014/09/29 v2.5h Standard LaTeX font definitions
)

Package biblatex Warning: Month out of range or not an integer
(biblatex)                at entry 'Picture:UEL' on input line 64.

(./UserProfilesAnhang.tex [52

]
chapter A.

LaTeX Warning: Overwriting file `./user_profile_1.auto'.

\openout15 = `user_profile_1.auto'.


LaTeX Warning: Tab has been converted to Blank Space.


(./user_profile_1.auto) (./user_profile_1.auto) (./user_profile_1.auto [53

])

LaTeX Warning: Overwriting file `./user_profile_2.auto'.

\openout15 = `user_profile_2.auto'.


LaTeX Warning: Tab has been converted to Blank Space.


(./user_profile_2.auto) (./user_profile_2.auto) (./user_profile_2.auto [54])

LaTeX Warning: Overwriting file `./user_profile_3.auto'.

\openout15 = `user_profile_3.auto'.


LaTeX Warning: Tab has been converted to Blank Space.


(./user_profile_3.auto) (./user_profile_3.auto) (./user_profile_3.auto [55]
[56])

LaTeX Warning: Overwriting file `./user_profile_4.auto'.

\openout15 = `user_profile_4.auto'.


LaTeX Warning: Tab has been converted to Blank Space.


(./user_profile_4.auto) (./user_profile_4.auto) (./user_profile_4.auto [57])

LaTeX Warning: Overwriting file `./user_profile_5.auto'.

\openout15 = `user_profile_5.auto'.


LaTeX Warning: Tab has been converted to Blank Space.


(./user_profile_5.auto) (./user_profile_5.auto) (./user_profile_5.auto [58])

LaTeX Warning: Overwriting file `./user_profile_6.auto'.

\openout15 = `user_profile_6.auto'.


LaTeX Warning: Tab has been converted to Blank Space.


(./user_profile_6.auto) (./user_profile_6.auto) (./user_profile_6.auto [59]
[60])

LaTeX Warning: Overwriting file `./user_profile_7.auto'.

\openout15 = `user_profile_7.auto'.


LaTeX Warning: Tab has been converted to Blank Space.


(./user_profile_7.auto) (./user_profile_7.auto) (./user_profile_7.auto [61])

LaTeX Warning: Overwriting file `./user_profile_8.auto'.

\openout15 = `user_profile_8.auto'.


LaTeX Warning: Tab has been converted to Blank Space.


(./user_profile_8.auto) (./user_profile_8.auto) (./user_profile_8.auto [62]))
Package atveryend Info: Empty hook `BeforeClearDocument' on input line 70.

[63]
Package atveryend Info: Empty hook `AfterLastShipout' on input line 70.
 (./Dokumentation.aux)
Package atveryend Info: Executing hook `AtVeryEndDocument' on input line 70.
Package atveryend Info: Executing hook `AtEndAfterFileList' on input line 70.


Package rerunfilecheck Warning: File `Dokumentation.out' has changed.
(rerunfilecheck)                Rerun to get outlines right
(rerunfilecheck)                or use package `bookmark'.

Package rerunfilecheck Info: Checksums for `Dokumentation.out':
(rerunfilecheck)             Before: 30777C00A46CDAC44985E49646C84E2D;5323
(rerunfilecheck)             After:  BA8C9B2638C54B6E2944EC7A0254DBAF;5323.

LaTeX Font Warning: Some font shapes were not available, defaults substituted.


LaTeX Warning: There were undefined references.


LaTeX Warning: There were multiply-defined labels.

Package logreq Info: Writing requests to 'Dokumentation.run.xml'.
\openout1 = `Dokumentation.run.xml'.

Package atveryend Info: Empty hook `AtVeryVeryEnd' on input line 70.
 ) 
Here is how much of TeX's memory you used:
 19075 strings out of 493013
 311005 string characters out of 6132402
 890849 words of memory out of 5000000
 21928 multiletter control sequences out of 15000+600000
 39336 words of font info for 75 fonts, out of 8000000 for 9000
 1145 hyphenation exceptions out of 8191
 43i,12n,66p,8853b,2018s stack positions out of 5000i,500n,10000p,200000b,80000s
pdfTeX warning (dest): name{table.232} has been referenced but does not exist
, replaced by a fixed one

pdfTeX warning (dest): name{table.228} has been referenced but does not exist, 
replaced by a fixed one

pdfTeX warning (dest): name{table.224} has been referenced but does not exist, 
replaced by a fixed one

pdfTeX warning (dest): name{table.220} has been referenced but does not exist, 
replaced by a fixed one

pdfTeX warning (dest): name{table.216} has been referenced but does not exist, 
replaced by a fixed one

pdfTeX warning (dest): name{table.212} has been referenced but does not exist, 
replaced by a fixed one

pdfTeX warning (dest): name{table.208} has been referenced but does not exist, 
replaced by a fixed one

pdfTeX warning (dest): name{table.204} has been referenced but does not exist, 
replaced by a fixed one

pdfTeX warning (dest): name{section.229} has been referenced but does not exist
, replaced by a fixed one

pdfTeX warning (dest): name{section.225} has been referenced but does not exist
, replaced by a fixed one

pdfTeX warning (dest): name{section.221} has been referenced but does not exist
, replaced by a fixed one

pdfTeX warning (dest): name{section.217} has been referenced but does not exist
, replaced by a fixed one

pdfTeX warning (dest): name{section.213} has been referenced but does not exist
, replaced by a fixed one

pdfTeX warning (dest): name{section.209} has been referenced but does not exist
, replaced by a fixed one

pdfTeX warning (dest): name{section.205} has been referenced but does not exist
, replaced by a fixed one

pdfTeX warning (dest): name{section.201} has been referenced but does not exist
, replaced by a fixed one

pdfTeX warning (dest): name{appendix.200} has been referenced but does not exis
t, replaced by a fixed one

pdfTeX warning (dest): name{subsection.138} has been referenced but does not ex
ist, replaced by a fixed one

pdfTeX warning (dest): name{section.137} has been referenced but does not exist
, replaced by a fixed one

pdfTeX warning (dest): name{subsection.136} has been referenced but does not ex
ist, replaced by a fixed one

{f:/Programme/texlive/2016/texmf-dist/fonts/enc/dvips/cm-super/cm-super-t1.enc}
{f:/Programme/texlive/2016/texmf-dist/fonts/enc/dvips/base/8r.enc}<f:/Programme
/texlive/2016/texmf-dist/fonts/type1/public/amsfonts/cm/cmr10.pfb><f:/Programme
/texlive/2016/texmf-dist/fonts/type1/public/amsfonts/cm/cmsy10.pfb><f:/Programm
e/texlive/2016/texmf-dist/fonts/type1/public/fpl/fplrc8a.pfb><f:/Programme/texl
ive/2016/texmf-dist/fonts/type1/public/cm-super/sfsx0900.pfb><f:/Programme/texl
ive/2016/texmf-dist/fonts/type1/public/cm-super/sfsx1200.pfb><f:/Programme/texl
ive/2016/texmf-dist/fonts/type1/public/cm-super/sfsx1440.pfb><f:/Programme/texl
ive/2016/texmf-dist/fonts/type1/public/cm-super/sfsx1728.pfb><f:/Programme/texl
ive/2016/texmf-dist/fonts/type1/public/cm-super/sfsx2488.pfb><f:/Programme/texl
ive/2016/texmf-dist/fonts/type1/public/cm-super/sftt1200.pfb><f:/Programme/texl
ive/2016/texmf-dist/fonts/type1/urw/palatino/uplb8a.pfb><f:/Programme/texlive/2
016/texmf-dist/fonts/type1/urw/palatino/uplr8a.pfb><f:/Programme/texlive/2016/t
exmf-dist/fonts/type1/urw/palatino/uplri8a.pfb>
Output written on Dokumentation.pdf (63 pages, 2594830 bytes).
PDF statistics:
 1052 PDF objects out of 1200 (max. 8388607)
 926 compressed objects within 10 object streams
 302 named destinations out of 1000 (max. 500000)
 679 words of extra memory for PDF output out of 10000 (max. 10000000)

