\BOOKMARK [0][]{chapter.2}{1 Einleitung}{}% 1
\BOOKMARK [0][]{chapter.3}{2 Ausgangssituation und Ziele}{}% 2
\BOOKMARK [1][]{section.4}{2.1 Problemstellung}{chapter.3}% 3
\BOOKMARK [1][]{section.5}{2.2 Entwicklungsziele}{chapter.3}% 4
\BOOKMARK [0][]{chapter.33}{3 Requirements}{}% 5
\BOOKMARK [1][]{section.34}{3.1 Dom\344nenrecherche}{chapter.33}% 6
\BOOKMARK [1][]{section.38}{3.2 Nutzungskontext}{chapter.33}% 7
\BOOKMARK [1][]{section.39}{3.3 Stakeholder}{chapter.33}% 8
\BOOKMARK [0][]{chapter.41}{4 Anforderungen}{}% 9
\BOOKMARK [1][]{section.42}{4.1 Funktionale Anforderungen}{chapter.41}% 10
\BOOKMARK [1][]{section.43}{4.2 Qualitative Anforderungen}{chapter.41}% 11
\BOOKMARK [1][]{section.44}{4.3 Organisationale Anforderungen}{chapter.41}% 12
\BOOKMARK [0][]{chapter.45}{5 Related Works}{}% 13
\BOOKMARK [1][]{section.46}{5.1 Marktrecherche}{chapter.45}% 14
\BOOKMARK [2][]{subsection.47}{5.1.1 Aquarium Manager}{section.46}% 15
\BOOKMARK [2][]{subsection.49}{5.1.2 Aquareka}{section.46}% 16
\BOOKMARK [2][]{subsection.51}{5.1.3 AqDiary}{section.46}% 17
\BOOKMARK [2][]{subsection.53}{5.1.4 Aquarium Note}{section.46}% 18
\BOOKMARK [2][]{subsection.55}{5.1.5 Flowgrow}{section.46}% 19
\BOOKMARK [1][]{section.57}{5.2 Alleinstellungsmerkmal}{chapter.45}% 20
\BOOKMARK [0][]{chapter.58}{6 Abw\344gung der Vorgehensmodelle}{}% 21
\BOOKMARK [1][]{section.59}{6.1 Usability Engineering Lifecycle}{chapter.58}% 22
\BOOKMARK [1][]{section.61}{6.2 Szenariobasiertes Vorgehensmodell}{chapter.58}% 23
\BOOKMARK [1][]{section.63}{6.3 Discount-Usability Engineering}{chapter.58}% 24
\BOOKMARK [1][]{section.65}{6.4 Prozess zur Gestaltung gebrauchstauglicher interaktiver Systeme - DIN EN ISO 9241, Teil 210}{chapter.58}% 25
\BOOKMARK [0][]{chapter.67}{7 Kommunikationsmodell}{}% 26
\BOOKMARK [1][]{section.68}{7.1 Deskriptives Kommunikationsdiagramm}{chapter.67}% 27
\BOOKMARK [1][]{section.70}{7.2 Pr\344skriptives Kommunikationsdiagramm}{chapter.67}% 28
\BOOKMARK [0][]{chapter.72}{8 Architektur}{}% 29
\BOOKMARK [1][]{section.74}{8.1 Erkl\344rung}{chapter.72}% 30
\BOOKMARK [2][]{subsection.75}{8.1.1 Server}{section.74}% 31
\BOOKMARK [2][]{subsection.76}{8.1.2 Datenaustausch und Datenbank}{section.74}% 32
\BOOKMARK [2][]{subsection.77}{8.1.3 Benutzer Client}{section.74}% 33
\BOOKMARK [2][]{subsection.78}{8.1.4 Fachhandlung Client}{section.74}% 34
\BOOKMARK [0][]{chapter.79}{9 Proof of Concepts}{}% 35
\BOOKMARK [1][]{section.80}{9.1 Risiken}{chapter.79}% 36
\BOOKMARK [1][]{section.81}{9.2 Proof of Concept}{chapter.79}% 37
\BOOKMARK [2][]{subsection.82}{9.2.1 Umgang mit Firebase Cloud Messaging}{section.81}% 38
\BOOKMARK [2][]{subsection.83}{9.2.2 Beschaffung der Formeln f\374r einzelne Berechnungen}{section.81}% 39
\BOOKMARK [2][]{subsection.84}{9.2.3 Umsetzung der Formeln \(Programmierung\)}{section.81}% 40
\BOOKMARK [1][]{section.85}{9.3 Durchf\374hrung der Proof of Concepts}{chapter.79}% 41
\BOOKMARK [2][]{subsection.86}{9.3.1 Durchf\374hrung zu Firebase Cloud Messaging}{section.85}% 42
\BOOKMARK [2][]{subsection.87}{9.3.2 Durchf\374hrung zu Beschaffung der Formeln f\374r einzelne Berechnungen}{section.85}% 43
\BOOKMARK [2][]{subsection.91}{9.3.3 Durchf\374hrung der Umsetzung der Formeln}{section.85}% 44
